k:\siwen_2023_remote\2023_remote\server\server\debug\server.pch
k:\siwen_2023_remote\2023_remote\server\server\debug\vc142.pdb
k:\siwen_2023_remote\2023_remote\server\server\debug\vc142.idb
k:\siwen_2023_remote\2023_remote\server\server\debug\pch.obj
k:\siwen_2023_remote\2023_remote\server\server\debug\truecolortoolbar.obj
k:\siwen_2023_remote\2023_remote\server\server\debug\transfermodedlg.obj
k:\siwen_2023_remote\2023_remote\server\server\debug\stdafx.obj
k:\siwen_2023_remote\2023_remote\server\server\debug\servicemanagerdlg.obj
k:\siwen_2023_remote\2023_remote\server\server\debug\serversetmanager.obj
k:\siwen_2023_remote\2023_remote\server\server\debug\serverdlg.obj
k:\siwen_2023_remote\2023_remote\server\server\debug\server.obj
k:\siwen_2023_remote\2023_remote\server\server\debug\processmodulemanagerdlg.obj
k:\siwen_2023_remote\2023_remote\server\server\debug\processmanagerdlg.obj
k:\siwen_2023_remote\2023_remote\server\server\debug\instantmessagedlg.obj
k:\siwen_2023_remote\2023_remote\server\server\debug\dlgserverset.obj
k:\siwen_2023_remote\2023_remote\server\server\debug\remotecontrolldlg.obj
k:\siwen_2023_remote\2023_remote\server\server\debug\registermanagerdlg.obj
k:\siwen_2023_remote\2023_remote\server\server\debug\newfolderdlg.obj
k:\siwen_2023_remote\2023_remote\server\server\debug\filemanagerdlg.obj
k:\siwen_2023_remote\2023_remote\server\server\debug\createclientdlg.obj
k:\siwen_2023_remote\2023_remote\server\server\debug\common.obj
k:\siwen_2023_remote\2023_remote\server\server\debug\cmdmanagerdlg.obj
k:\siwen_2023_remote\2023_remote\server\server\debug\audiomanagerdlg.obj
k:\siwen_2023_remote\2023_remote\server\server\debug\audio.obj
k:\siwen_2023_remote\2023_remote\server\server\debug\_iocpserver.obj
k:\siwen_2023_remote\2023_remote\server\server\debug\windowmanagerdlg.obj
k:\siwen_2023_remote\2023_remote\server\server\debug\server.ilk
k:\siwen_2023_remote\2023_remote\server\debug\server.exe
k:\siwen_2023_remote\2023_remote\server\debug\server.pdb
k:\siwen_2023_remote\2023_remote\server\server\debug\x86.obj
k:\siwen_2023_remote\2023_remote\server\server\debug\server.res
k:\siwen_2023_remote\2023_remote\server\debug\server.lib
k:\siwen_2023_remote\2023_remote\server\debug\server.exp
f:\desk\学习项目\暑假项目\我的项目\2023remote\server\server\debug\audio.obj
f:\desk\学习项目\暑假项目\我的项目\2023remote\server\server\debug\audiomanagerdlg.obj
f:\desk\学习项目\暑假项目\我的项目\2023remote\server\server\debug\cmdmanagerdlg.obj
f:\desk\学习项目\暑假项目\我的项目\2023remote\server\server\debug\common.obj
f:\desk\学习项目\暑假项目\我的项目\2023remote\server\server\debug\createclientdlg.obj
f:\desk\学习项目\暑假项目\我的项目\2023remote\server\server\debug\dlgserverset.obj
f:\desk\学习项目\暑假项目\我的项目\2023remote\server\server\debug\filemanagerdlg.obj
f:\desk\学习项目\暑假项目\我的项目\2023remote\server\server\debug\instantmessagedlg.obj
f:\desk\学习项目\暑假项目\我的项目\2023remote\server\server\debug\newfolderdlg.obj
f:\desk\学习项目\暑假项目\我的项目\2023remote\server\server\debug\pch.obj
f:\desk\学习项目\暑假项目\我的项目\2023remote\server\server\debug\processmanagerdlg.obj
f:\desk\学习项目\暑假项目\我的项目\2023remote\server\server\debug\processmodulemanagerdlg.obj
f:\desk\学习项目\暑假项目\我的项目\2023remote\server\server\debug\registermanagerdlg.obj
f:\desk\学习项目\暑假项目\我的项目\2023remote\server\server\debug\remotecontrolldlg.obj
f:\desk\学习项目\暑假项目\我的项目\2023remote\server\server\debug\server.obj
f:\desk\学习项目\暑假项目\我的项目\2023remote\server\server\debug\serverdlg.obj
f:\desk\学习项目\暑假项目\我的项目\2023remote\server\server\debug\serversetmanager.obj
f:\desk\学习项目\暑假项目\我的项目\2023remote\server\server\debug\servicemanagerdlg.obj
f:\desk\学习项目\暑假项目\我的项目\2023remote\server\server\debug\stdafx.obj
f:\desk\学习项目\暑假项目\我的项目\2023remote\server\server\debug\transfermodedlg.obj
f:\desk\学习项目\暑假项目\我的项目\2023remote\server\server\debug\truecolortoolbar.obj
f:\desk\学习项目\暑假项目\我的项目\2023remote\server\server\debug\windowmanagerdlg.obj
f:\desk\学习项目\暑假项目\我的项目\2023remote\server\server\debug\x86.obj
f:\desk\学习项目\暑假项目\我的项目\2023remote\server\server\debug\_iocpserver.obj
f:\desk\学习项目\暑假项目\我的项目\2023remote\server\server\debug\server.ilk
f:\desk\学习项目\暑假项目\我的项目\2023remote\server\server\debug\server.res
f:\desk\学习项目\暑假项目\我的项目\2023remote\server\server\debug\server.pch
f:\desk\学习项目\暑假项目\我的项目\2023remote\server\server\debug\vc142.idb
f:\desk\学习项目\暑假项目\我的项目\2023remote\server\server\debug\vc142.pdb
f:\desk\学习项目\暑假项目\我的项目\2023remote\server\debug\server.pdb
f:\desk\学习项目\暑假项目\我的项目\2023remote\server\debug\server.exe
f:\desk\学习项目\暑假项目\我的项目\2023remote\server\server\debug\server.tlog\cl.command.1.tlog
f:\desk\学习项目\暑假项目\我的项目\2023remote\server\server\debug\server.tlog\cl.read.1.tlog
f:\desk\学习项目\暑假项目\我的项目\2023remote\server\server\debug\server.tlog\cl.write.1.tlog
f:\desk\学习项目\暑假项目\我的项目\2023remote\server\server\debug\server.tlog\link.command.1.tlog
f:\desk\学习项目\暑假项目\我的项目\2023remote\server\server\debug\server.tlog\link.read.1.tlog
f:\desk\学习项目\暑假项目\我的项目\2023remote\server\server\debug\server.tlog\link.write.1.tlog
f:\desk\学习项目\暑假项目\我的项目\2023remote\server\server\debug\server.tlog\masm.read.1u.tlog
f:\desk\学习项目\暑假项目\我的项目\2023remote\server\server\debug\server.tlog\masm.write.1u.tlog
f:\desk\学习项目\暑假项目\我的项目\2023remote\server\server\debug\server.tlog\rc.command.1.tlog
f:\desk\学习项目\暑假项目\我的项目\2023remote\server\server\debug\server.tlog\rc.read.1.tlog
f:\desk\学习项目\暑假项目\我的项目\2023remote\server\server\debug\server.tlog\rc.write.1.tlog
f:\desk\学习项目\暑假项目\我的项目\2023remote\server\server\debug\server.tlog\server.write.1u.tlog
